<?xml version="1.0" encoding="UTF-8"?>
<!-- Generated by org.testng.reporters.JUnitReportReporter -->
<testsuite hostname="LAPTOP-1QR0MITN" failures="0" tests="1" name="testCases.TC_002_LoginTest" time="0.875" errors="0" timestamp="2023-05-28T13:15:08 IST" skipped="0">
  <testcase classname="testCases.TC_002_LoginTest" name="test_login" time="0.875"/>
  <system-out/>
</testsuite> <!-- testCases.TC_002_LoginTest -->
