<?xml version="1.0" encoding="UTF-8"?>
<!-- Generated by org.testng.reporters.JUnitReportReporter -->
<testsuite hostname="LAPTOP-1QR0MITN" failures="0" tests="1" name="testCases.TC_001_AccountRegistrationTest" time="1.496" errors="0" timestamp="2023-05-28T20:17:25 IST" skipped="0">
  <testcase classname="testCases.TC_001_AccountRegistrationTest" name="test_Account_Registration" time="1.496"/>
  <system-out/>
</testsuite> <!-- testCases.TC_001_AccountRegistrationTest -->
