<?xml version="1.0" encoding="UTF-8"?>
<!-- Generated by org.testng.reporters.JUnitReportReporter -->
<testsuite hostname="LAPTOP-1QR0MITN" failures="0" tests="1" name="testCases.TC_001_AccountRegistrationTest" time="1.085" errors="0" timestamp="2023-05-28T13:15:08 IST" skipped="0">
  <testcase classname="testCases.TC_001_AccountRegistrationTest" name="test_Account_Registration" time="1.085"/>
  <system-out/>
</testsuite> <!-- testCases.TC_001_AccountRegistrationTest -->
